<?xml version="1.0" encoding="UTF-8"?>
<coverage generated="1743580299829" clover="3.2.0">
  <project timestamp="1743580299829" name="All files">
    <metrics statements="345" coveredstatements="286" conditionals="234" coveredconditionals="181" methods="87" coveredmethods="70" elements="666" coveredelements="537" complexity="0" loc="345" ncloc="345" packages="8" files="28" classes="28"/>
    <package name="src">
      <metrics statements="16" coveredstatements="0" conditionals="0" coveredconditionals="0" methods="1" coveredmethods="0"/>
      <file name="App.tsx" path="C:\Users\GOURANG CHAUHAN\Desktop\BookStore_TypeScript\bookStore\src\App.tsx">
        <metrics statements="16" coveredstatements="0" conditionals="0" coveredconditionals="0" methods="1" coveredmethods="0"/>
        <line num="2" count="0" type="stmt"/>
        <line num="3" count="0" type="stmt"/>
        <line num="4" count="0" type="stmt"/>
        <line num="5" count="0" type="stmt"/>
        <line num="6" count="0" type="stmt"/>
        <line num="7" count="0" type="stmt"/>
        <line num="8" count="0" type="stmt"/>
        <line num="9" count="0" type="stmt"/>
        <line num="10" count="0" type="stmt"/>
        <line num="11" count="0" type="stmt"/>
        <line num="12" count="0" type="stmt"/>
        <line num="13" count="0" type="stmt"/>
        <line num="14" count="0" type="stmt"/>
        <line num="15" count="0" type="stmt"/>
        <line num="16" count="0" type="stmt"/>
        <line num="35" count="0" type="stmt"/>
      </file>
      <file name="vite-env.d.ts" path="C:\Users\GOURANG CHAUHAN\Desktop\BookStore_TypeScript\bookStore\src\vite-env.d.ts">
        <metrics statements="0" coveredstatements="0" conditionals="0" coveredconditionals="0" methods="0" coveredmethods="0"/>
      </file>
    </package>
    <package name="src.components.Auth">
      <metrics statements="51" coveredstatements="50" conditionals="51" coveredconditionals="50" methods="11" coveredmethods="11"/>
      <file name="LoginForm.tsx" path="C:\Users\GOURANG CHAUHAN\Desktop\BookStore_TypeScript\bookStore\src\components\Auth\LoginForm.tsx">
        <metrics statements="3" coveredstatements="3" conditionals="0" coveredconditionals="0" methods="1" coveredmethods="1"/>
        <line num="2" count="1" type="stmt"/>
        <line num="5" count="1" type="stmt"/>
        <line num="12" count="1" type="stmt"/>
      </file>
      <file name="RegisterForm.tsx" path="C:\Users\GOURANG CHAUHAN\Desktop\BookStore_TypeScript\bookStore\src\components\Auth\RegisterForm.tsx">
        <metrics statements="3" coveredstatements="3" conditionals="0" coveredconditionals="0" methods="1" coveredmethods="1"/>
        <line num="2" count="1" type="stmt"/>
        <line num="5" count="1" type="stmt"/>
        <line num="12" count="1" type="stmt"/>
      </file>
      <file name="Template.tsx" path="C:\Users\GOURANG CHAUHAN\Desktop\BookStore_TypeScript\bookStore\src\components\Auth\Template.tsx">
        <metrics statements="45" coveredstatements="44" conditionals="51" coveredconditionals="50" methods="9" coveredmethods="9"/>
        <line num="1" count="1" type="stmt"/>
        <line num="2" count="1" type="stmt"/>
        <line num="3" count="1" type="stmt"/>
        <line num="4" count="1" type="stmt"/>
        <line num="5" count="1" type="stmt"/>
        <line num="24" count="1" type="stmt"/>
        <line num="25" count="1" type="stmt"/>
        <line num="26" count="1" type="stmt"/>
        <line num="28" count="1" type="stmt"/>
        <line num="29" count="37" type="stmt"/>
        <line num="31" count="37" type="stmt"/>
        <line num="38" count="37" type="stmt"/>
        <line num="40" count="37" type="stmt"/>
        <line num="41" count="18" type="stmt"/>
        <line num="42" count="18" type="stmt"/>
        <line num="45" count="37" type="stmt"/>
        <line num="46" count="18" type="cond" truecount="4" falsecount="1"/>
        <line num="48" count="3" type="cond" truecount="2" falsecount="0"/>
        <line num="50" count="6" type="cond" truecount="2" falsecount="0"/>
        <line num="52" count="6" type="cond" truecount="2" falsecount="0"/>
        <line num="56" count="3" type="cond" truecount="2" falsecount="0"/>
        <line num="58" count="0" type="stmt"/>
        <line num="62" count="37" type="stmt"/>
        <line num="63" count="6" type="stmt"/>
        <line num="64" count="6" type="cond" truecount="2" falsecount="0"/>
        <line num="65" count="6" type="stmt"/>
        <line num="66" count="6" type="stmt"/>
        <line num="68" count="6" type="stmt"/>
        <line num="69" count="18" type="stmt"/>
        <line num="70" count="18" type="stmt"/>
        <line num="71" count="18" type="cond" truecount="1" falsecount="0"/>
        <line num="74" count="6" type="stmt"/>
        <line num="76" count="6" type="cond" truecount="1" falsecount="0"/>
        <line num="77" count="4" type="stmt"/>
        <line num="78" count="4" type="cond" truecount="2" falsecount="0"/>
        <line num="79" count="2" type="stmt"/>
        <line num="80" count="2" type="stmt"/>
        <line num="81" count="1" type="stmt"/>
        <line num="85" count="1" type="stmt"/>
        <line num="87" count="2" type="stmt"/>
        <line num="88" count="2" type="stmt"/>
        <line num="89" count="1" type="stmt"/>
        <line num="92" count="2" type="stmt"/>
        <line num="100" count="37" type="stmt"/>
        <line num="260" count="1" type="stmt"/>
      </file>
    </package>
    <package name="src.components.BookContainer">
      <metrics statements="14" coveredstatements="14" conditionals="32" coveredconditionals="24" methods="4" coveredmethods="4"/>
      <file name="BookContainer.tsx" path="C:\Users\GOURANG CHAUHAN\Desktop\BookStore_TypeScript\bookStore\src\components\BookContainer\BookContainer.tsx">
        <metrics statements="8" coveredstatements="8" conditionals="0" coveredconditionals="0" methods="2" coveredmethods="2"/>
        <line num="2" count="1" type="stmt"/>
        <line num="4" count="1" type="stmt"/>
        <line num="5" count="1" type="stmt"/>
        <line num="8" count="1" type="stmt"/>
        <line num="34" count="1" type="stmt"/>
        <line num="35" count="2" type="stmt"/>
        <line num="44" count="1" type="stmt"/>
        <line num="60" count="1" type="stmt"/>
      </file>
      <file name="Books.tsx" path="C:\Users\GOURANG CHAUHAN\Desktop\BookStore_TypeScript\bookStore\src\components\BookContainer\Books.tsx">
        <metrics statements="3" coveredstatements="3" conditionals="32" coveredconditionals="24" methods="1" coveredmethods="1"/>
        <line num="2" count="1" type="stmt"/>
        <line num="19" count="5" type="stmt"/>
        <line num="49" count="1" type="stmt"/>
      </file>
      <file name="Shimmer.tsx" path="C:\Users\GOURANG CHAUHAN\Desktop\BookStore_TypeScript\bookStore\src\components\BookContainer\Shimmer.tsx">
        <metrics statements="3" coveredstatements="3" conditionals="0" coveredconditionals="0" methods="1" coveredmethods="1"/>
        <line num="3" count="1" type="stmt"/>
        <line num="4" count="4" type="stmt"/>
        <line num="61" count="1" type="stmt"/>
      </file>
    </package>
    <package name="src.components.BookDetails">
      <metrics statements="35" coveredstatements="32" conditionals="26" coveredconditionals="25" methods="11" coveredmethods="8"/>
      <file name="FeedbackForm.tsx" path="C:\Users\GOURANG CHAUHAN\Desktop\BookStore_TypeScript\bookStore\src\components\BookDetails\FeedbackForm.tsx">
        <metrics statements="35" coveredstatements="32" conditionals="26" coveredconditionals="25" methods="11" coveredmethods="8"/>
        <line num="1" count="1" type="stmt"/>
        <line num="2" count="1" type="stmt"/>
        <line num="3" count="1" type="stmt"/>
        <line num="18" count="20" type="stmt"/>
        <line num="19" count="20" type="stmt"/>
        <line num="20" count="20" type="stmt"/>
        <line num="21" count="20" type="stmt"/>
        <line num="22" count="20" type="stmt"/>
        <line num="24" count="20" type="stmt"/>
        <line num="25" count="10" type="cond" truecount="5" falsecount="0"/>
        <line num="26" count="2" type="stmt"/>
        <line num="27" count="0" type="stmt"/>
        <line num="29" count="2" type="stmt"/>
        <line num="33" count="20" type="stmt"/>
        <line num="34" count="4" type="cond" truecount="3" falsecount="0"/>
        <line num="35" count="1" type="stmt"/>
        <line num="36" count="1" type="stmt"/>
        <line num="39" count="3" type="stmt"/>
        <line num="40" count="3" type="stmt"/>
        <line num="42" count="3" type="stmt"/>
        <line num="43" count="3" type="stmt"/>
        <line num="44" count="2" type="stmt"/>
        <line num="53" count="2" type="stmt"/>
        <line num="55" count="2" type="stmt"/>
        <line num="56" count="2" type="stmt"/>
        <line num="57" count="2" type="stmt"/>
        <line num="59" count="1" type="stmt"/>
        <line num="61" count="3" type="stmt"/>
        <line num="65" count="20" type="stmt"/>
        <line num="72" count="100" type="stmt"/>
        <line num="74" count="0" type="stmt"/>
        <line num="75" count="0" type="stmt"/>
        <line num="76" count="4" type="stmt"/>
        <line num="94" count="3" type="stmt"/>
        <line num="118" count="1" type="stmt"/>
      </file>
    </package>
    <package name="src.components.Cart">
      <metrics statements="65" coveredstatements="50" conditionals="67" coveredconditionals="32" methods="25" coveredmethods="20"/>
      <file name="CartData.tsx" path="C:\Users\GOURANG CHAUHAN\Desktop\BookStore_TypeScript\bookStore\src\components\Cart\CartData.tsx">
        <metrics statements="65" coveredstatements="50" conditionals="67" coveredconditionals="32" methods="25" coveredmethods="20"/>
        <line num="1" count="1" type="stmt"/>
        <line num="2" count="1" type="stmt"/>
        <line num="3" count="1" type="stmt"/>
        <line num="4" count="1" type="stmt"/>
        <line num="5" count="1" type="stmt"/>
        <line num="37" count="1" type="stmt"/>
        <line num="38" count="24" type="stmt"/>
        <line num="39" count="24" type="stmt"/>
        <line num="40" count="24" type="stmt"/>
        <line num="41" count="24" type="stmt"/>
        <line num="42" count="24" type="stmt"/>
        <line num="43" count="24" type="stmt"/>
        <line num="45" count="24" type="stmt"/>
        <line num="46" count="10" type="stmt"/>
        <line num="47" count="10" type="stmt"/>
        <line num="48" count="10" type="stmt"/>
        <line num="49" count="10" type="stmt"/>
        <line num="50" count="10" type="stmt"/>
        <line num="51" count="7" type="cond" truecount="1" falsecount="0"/>
        <line num="52" count="7" type="stmt"/>
        <line num="61" count="7" type="stmt"/>
        <line num="64" count="2" type="cond" truecount="10" falsecount="1"/>
        <line num="65" count="2" type="stmt"/>
        <line num="66" count="2" type="cond" truecount="1" falsecount="0"/>
        <line num="67" count="1" type="stmt"/>
        <line num="70" count="9" type="stmt"/>
        <line num="74" count="10" type="stmt"/>
        <line num="77" count="24" type="stmt"/>
        <line num="78" count="24" type="stmt"/>
        <line num="80" count="24" type="stmt"/>
        <line num="81" count="0" type="stmt"/>
        <line num="82" count="0" type="stmt"/>
        <line num="83" count="0" type="cond" truecount="0" falsecount="4"/>
        <line num="90" count="24" type="stmt"/>
        <line num="91" count="1" type="stmt"/>
        <line num="92" count="1" type="stmt"/>
        <line num="93" count="1" type="cond" truecount="1" falsecount="1"/>
        <line num="94" count="1" type="stmt"/>
        <line num="96" count="0" type="cond" truecount="0" falsecount="4"/>
        <line num="99" count="0" type="cond" truecount="0" falsecount="11"/>
        <line num="100" count="0" type="stmt"/>
        <line num="101" count="0" type="cond" truecount="0" falsecount="1"/>
        <line num="102" count="0" type="stmt"/>
        <line num="107" count="24" type="stmt"/>
        <line num="108" count="1" type="stmt"/>
        <line num="109" count="1" type="stmt"/>
        <line num="110" count="1" type="stmt"/>
        <line num="111" count="1" type="stmt"/>
        <line num="113" count="0" type="cond" truecount="0" falsecount="11"/>
        <line num="114" count="0" type="stmt"/>
        <line num="115" count="0" type="cond" truecount="0" falsecount="1"/>
        <line num="116" count="0" type="stmt"/>
        <line num="121" count="24" type="stmt"/>
        <line num="122" count="1" type="stmt"/>
        <line num="123" count="1" type="stmt"/>
        <line num="124" count="1" type="stmt"/>
        <line num="126" count="0" type="stmt"/>
        <line num="130" count="24" type="stmt"/>
        <line num="131" count="24" type="stmt"/>
        <line num="133" count="24" type="stmt"/>
        <line num="158" count="7" type="stmt"/>
        <line num="175" count="0" type="stmt"/>
        <line num="186" count="0" type="stmt"/>
        <line num="192" count="1" type="stmt"/>
        <line num="321" count="1" type="stmt"/>
      </file>
    </package>
    <package name="src.components.Same">
      <metrics statements="92" coveredstatements="92" conditionals="54" coveredconditionals="50" methods="18" coveredmethods="18"/>
      <file name="Breadcrumbs.tsx" path="C:\Users\GOURANG CHAUHAN\Desktop\BookStore_TypeScript\bookStore\src\components\Same\Breadcrumbs.tsx">
        <metrics statements="19" coveredstatements="19" conditionals="9" coveredconditionals="9" methods="2" coveredmethods="2"/>
        <line num="2" count="1" type="stmt"/>
        <line num="3" count="1" type="stmt"/>
        <line num="9" count="1" type="stmt"/>
        <line num="10" count="9" type="stmt"/>
        <line num="11" count="9" type="cond" truecount="4" falsecount="0"/>
        <line num="14" count="9" type="stmt"/>
        <line num="15" count="9" type="cond" truecount="1" falsecount="0"/>
        <line num="16" count="2" type="stmt"/>
        <line num="22" count="7" type="cond" truecount="1" falsecount="0"/>
        <line num="23" count="1" type="stmt"/>
        <line num="29" count="6" type="cond" truecount="1" falsecount="0"/>
        <line num="30" count="1" type="stmt"/>
        <line num="36" count="5" type="cond" truecount="1" falsecount="0"/>
        <line num="37" count="1" type="stmt"/>
        <line num="43" count="4" type="cond" truecount="1" falsecount="0"/>
        <line num="44" count="1" type="stmt"/>
        <line num="50" count="3" type="stmt"/>
        <line num="53" count="9" type="stmt"/>
        <line num="69" count="1" type="stmt"/>
      </file>
      <file name="Dropdown.tsx" path="C:\Users\GOURANG CHAUHAN\Desktop\BookStore_TypeScript\bookStore\src\components\Same\Dropdown.tsx">
        <metrics statements="27" coveredstatements="27" conditionals="13" coveredconditionals="13" methods="4" coveredmethods="4"/>
        <line num="1" count="1" type="stmt"/>
        <line num="2" count="1" type="stmt"/>
        <line num="3" count="1" type="stmt"/>
        <line num="4" count="1" type="stmt"/>
        <line num="5" count="1" type="stmt"/>
        <line num="6" count="1" type="stmt"/>
        <line num="7" count="1" type="stmt"/>
        <line num="8" count="1" type="stmt"/>
        <line num="15" count="12" type="cond" truecount="4" falsecount="0"/>
        <line num="16" count="12" type="stmt"/>
        <line num="18" count="12" type="stmt"/>
        <line num="19" count="8" type="cond" truecount="2" falsecount="0"/>
        <line num="20" count="4" type="stmt"/>
        <line num="22" count="4" type="stmt"/>
        <line num="23" count="4" type="cond" truecount="1" falsecount="0"/>
        <line num="24" count="1" type="stmt"/>
        <line num="25" count="1" type="stmt"/>
        <line num="30" count="12" type="stmt"/>
        <line num="31" count="1" type="stmt"/>
        <line num="32" count="1" type="stmt"/>
        <line num="33" count="1" type="stmt"/>
        <line num="41" count="1" type="stmt"/>
        <line num="45" count="12" type="stmt"/>
        <line num="85" count="12" type="stmt"/>
        <line num="116" count="12" type="cond" truecount="2" falsecount="0"/>
        <line num="118" count="12" type="stmt"/>
        <line num="145" count="1" type="stmt"/>
      </file>
      <file name="Footer.tsx" path="C:\Users\GOURANG CHAUHAN\Desktop\BookStore_TypeScript\bookStore\src\components\Same\Footer.tsx">
        <metrics statements="3" coveredstatements="3" conditionals="0" coveredconditionals="0" methods="1" coveredmethods="1"/>
        <line num="3" count="1" type="stmt"/>
        <line num="4" count="5" type="stmt"/>
        <line num="14" count="1" type="stmt"/>
      </file>
      <file name="GuestView.tsx" path="C:\Users\GOURANG CHAUHAN\Desktop\BookStore_TypeScript\bookStore\src\components\Same\GuestView.tsx">
        <metrics statements="5" coveredstatements="5" conditionals="0" coveredconditionals="0" methods="1" coveredmethods="1"/>
        <line num="2" count="1" type="stmt"/>
        <line num="3" count="1" type="stmt"/>
        <line num="4" count="1" type="stmt"/>
        <line num="6" count="7" type="stmt"/>
        <line num="27" count="1" type="stmt"/>
      </file>
      <file name="Header.tsx" path="C:\Users\GOURANG CHAUHAN\Desktop\BookStore_TypeScript\bookStore\src\components\Same\Header.tsx">
        <metrics statements="29" coveredstatements="29" conditionals="8" coveredconditionals="8" methods="7" coveredmethods="7"/>
        <line num="1" count="1" type="stmt"/>
        <line num="2" count="1" type="stmt"/>
        <line num="3" count="1" type="stmt"/>
        <line num="4" count="1" type="stmt"/>
        <line num="5" count="1" type="stmt"/>
        <line num="6" count="1" type="stmt"/>
        <line num="7" count="1" type="stmt"/>
        <line num="8" count="1" type="stmt"/>
        <line num="18" count="1" type="stmt"/>
        <line num="19" count="13" type="stmt"/>
        <line num="20" count="13" type="stmt"/>
        <line num="22" count="13" type="stmt"/>
        <line num="23" count="10" type="stmt"/>
        <line num="24" count="10" type="cond" truecount="1" falsecount="0"/>
        <line num="25" count="1" type="stmt"/>
        <line num="26" count="1" type="stmt"/>
        <line num="30" count="13" type="stmt"/>
        <line num="31" count="10" type="stmt"/>
        <line num="32" count="10" type="stmt"/>
        <line num="33" count="10" type="stmt"/>
        <line num="34" count="9" type="cond" truecount="1" falsecount="0"/>
        <line num="35" count="2" type="stmt"/>
        <line num="38" count="2" type="stmt"/>
        <line num="39" count="2" type="stmt"/>
        <line num="42" count="2" type="stmt"/>
        <line num="45" count="8" type="stmt"/>
        <line num="49" count="10" type="stmt"/>
        <line num="52" count="13" type="stmt"/>
        <line num="102" count="1" type="stmt"/>
      </file>
      <file name="OrderConatiner.tsx" path="C:\Users\GOURANG CHAUHAN\Desktop\BookStore_TypeScript\bookStore\src\components\Same\OrderConatiner.tsx">
        <metrics statements="3" coveredstatements="3" conditionals="20" coveredconditionals="16" methods="1" coveredmethods="1"/>
        <line num="1" count="1" type="stmt"/>
        <line num="9" count="9" type="stmt"/>
        <line num="43" count="1" type="stmt"/>
      </file>
      <file name="WishListContainer.tsx" path="C:\Users\GOURANG CHAUHAN\Desktop\BookStore_TypeScript\bookStore\src\components\Same\WishListContainer.tsx">
        <metrics statements="6" coveredstatements="6" conditionals="4" coveredconditionals="4" methods="2" coveredmethods="2"/>
        <line num="1" count="1" type="stmt"/>
        <line num="3" count="1" type="stmt"/>
        <line num="12" count="6" type="stmt"/>
        <line num="13" count="1" type="stmt"/>
        <line num="16" count="6" type="stmt"/>
        <line num="52" count="1" type="stmt"/>
      </file>
    </package>
    <package name="src.pages">
      <metrics statements="55" coveredstatements="48" conditionals="0" coveredconditionals="0" methods="11" coveredmethods="9"/>
      <file name="BookPage.tsx" path="C:\Users\GOURANG CHAUHAN\Desktop\BookStore_TypeScript\bookStore\src\pages\BookPage.tsx">
        <metrics statements="6" coveredstatements="6" conditionals="0" coveredconditionals="0" methods="1" coveredmethods="1"/>
        <line num="2" count="1" type="stmt"/>
        <line num="3" count="1" type="stmt"/>
        <line num="4" count="1" type="stmt"/>
        <line num="6" count="1" type="stmt"/>
        <line num="7" count="2" type="stmt"/>
        <line num="18" count="1" type="stmt"/>
      </file>
      <file name="Cart.tsx" path="C:\Users\GOURANG CHAUHAN\Desktop\BookStore_TypeScript\bookStore\src\pages\Cart.tsx">
        <metrics statements="7" coveredstatements="7" conditionals="0" coveredconditionals="0" methods="1" coveredmethods="1"/>
        <line num="1" count="1" type="stmt"/>
        <line num="2" count="1" type="stmt"/>
        <line num="3" count="1" type="stmt"/>
        <line num="4" count="1" type="stmt"/>
        <line num="5" count="1" type="stmt"/>
        <line num="6" count="1" type="stmt"/>
        <line num="20" count="1" type="stmt"/>
      </file>
      <file name="ForgetPassword.tsx" path="C:\Users\GOURANG CHAUHAN\Desktop\BookStore_TypeScript\bookStore\src\pages\ForgetPassword.tsx">
        <metrics statements="5" coveredstatements="5" conditionals="0" coveredconditionals="0" methods="1" coveredmethods="1"/>
        <line num="2" count="1" type="stmt"/>
        <line num="3" count="1" type="stmt"/>
        <line num="5" count="1" type="stmt"/>
        <line num="6" count="2" type="stmt"/>
        <line num="31" count="1" type="stmt"/>
      </file>
      <file name="Home.tsx" path="C:\Users\GOURANG CHAUHAN\Desktop\BookStore_TypeScript\bookStore\src\pages\Home.tsx">
        <metrics statements="6" coveredstatements="6" conditionals="0" coveredconditionals="0" methods="1" coveredmethods="1"/>
        <line num="2" count="1" type="stmt"/>
        <line num="3" count="1" type="stmt"/>
        <line num="4" count="1" type="stmt"/>
        <line num="6" count="1" type="stmt"/>
        <line num="7" count="1" type="stmt"/>
        <line num="16" count="1" type="stmt"/>
      </file>
      <file name="Login.tsx" path="C:\Users\GOURANG CHAUHAN\Desktop\BookStore_TypeScript\bookStore\src\pages\Login.tsx">
        <metrics statements="3" coveredstatements="3" conditionals="0" coveredconditionals="0" methods="1" coveredmethods="1"/>
        <line num="2" count="1" type="stmt"/>
        <line num="5" count="1" type="stmt"/>
        <line num="12" count="1" type="stmt"/>
      </file>
      <file name="MyOrder.tsx" path="C:\Users\GOURANG CHAUHAN\Desktop\BookStore_TypeScript\bookStore\src\pages\MyOrder.tsx">
        <metrics statements="11" coveredstatements="11" conditionals="0" coveredconditionals="0" methods="2" coveredmethods="2"/>
        <line num="2" count="1" type="stmt"/>
        <line num="3" count="1" type="stmt"/>
        <line num="4" count="1" type="stmt"/>
        <line num="5" count="1" type="stmt"/>
        <line num="6" count="1" type="stmt"/>
        <line num="7" count="1" type="stmt"/>
        <line num="8" count="1" type="stmt"/>
        <line num="9" count="1" type="stmt"/>
        <line num="27" count="2" type="stmt"/>
        <line num="34" count="4" type="stmt"/>
        <line num="48" count="1" type="stmt"/>
      </file>
      <file name="OrderConfirm.tsx" path="C:\Users\GOURANG CHAUHAN\Desktop\BookStore_TypeScript\bookStore\src\pages\OrderConfirm.tsx">
        <metrics statements="7" coveredstatements="7" conditionals="0" coveredconditionals="0" methods="1" coveredmethods="1"/>
        <line num="2" count="1" type="stmt"/>
        <line num="3" count="1" type="stmt"/>
        <line num="4" count="1" type="stmt"/>
        <line num="6" count="1" type="stmt"/>
        <line num="12" count="1" type="stmt"/>
        <line num="13" count="5" type="stmt"/>
        <line num="49" count="1" type="stmt"/>
      </file>
      <file name="Register.tsx" path="C:\Users\GOURANG CHAUHAN\Desktop\BookStore_TypeScript\bookStore\src\pages\Register.tsx">
        <metrics statements="3" coveredstatements="3" conditionals="0" coveredconditionals="0" methods="1" coveredmethods="1"/>
        <line num="2" count="1" type="stmt"/>
        <line num="5" count="2" type="stmt"/>
        <line num="12" count="1" type="stmt"/>
      </file>
      <file name="UserProfile.tsx" path="C:\Users\GOURANG CHAUHAN\Desktop\BookStore_TypeScript\bookStore\src\pages\UserProfile.tsx">
        <metrics statements="7" coveredstatements="0" conditionals="0" coveredconditionals="0" methods="2" coveredmethods="0"/>
        <line num="2" count="0" type="stmt"/>
        <line num="3" count="0" type="stmt"/>
        <line num="4" count="0" type="stmt"/>
        <line num="6" count="0" type="stmt"/>
        <line num="7" count="0" type="stmt"/>
        <line num="114" count="0" type="stmt"/>
        <line num="133" count="0" type="stmt"/>
      </file>
    </package>
    <package name="src.redux">
      <metrics statements="17" coveredstatements="0" conditionals="4" coveredconditionals="0" methods="6" coveredmethods="0"/>
      <file name="bookSlice.ts" path="C:\Users\GOURANG CHAUHAN\Desktop\BookStore_TypeScript\bookStore\src\redux\bookSlice.ts">
        <metrics statements="14" coveredstatements="0" conditionals="4" coveredconditionals="0" methods="6" coveredmethods="0"/>
        <line num="1" count="0" type="stmt"/>
        <line num="2" count="0" type="stmt"/>
        <line num="22" count="0" type="stmt"/>
        <line num="23" count="0" type="stmt"/>
        <line num="24" count="0" type="stmt"/>
        <line num="27" count="0" type="stmt"/>
        <line num="33" count="0" type="stmt"/>
        <line num="38" count="0" type="stmt"/>
        <line num="40" count="0" type="stmt"/>
        <line num="43" count="0" type="stmt"/>
        <line num="44" count="0" type="stmt"/>
        <line num="47" count="0" type="stmt"/>
        <line num="48" count="0" type="cond" truecount="0" falsecount="4"/>
        <line num="53" count="0" type="stmt"/>
      </file>
      <file name="store.ts" path="C:\Users\GOURANG CHAUHAN\Desktop\BookStore_TypeScript\bookStore\src\redux\store.ts">
        <metrics statements="3" coveredstatements="0" conditionals="0" coveredconditionals="0" methods="0" coveredmethods="0"/>
        <line num="1" count="0" type="stmt"/>
        <line num="2" count="0" type="stmt"/>
        <line num="4" count="0" type="stmt"/>
      </file>
    </package>
  </project>
</coverage>
