TN:
SF:src\App.tsx
FN:15,(anonymous_1)
FNF:1
FNH:0
FNDA:0,(anonymous_1)
DA:2,0
DA:3,0
DA:4,0
DA:5,0
DA:6,0
DA:7,0
DA:8,0
DA:9,0
DA:10,0
DA:11,0
DA:12,0
DA:13,0
DA:14,0
DA:15,0
DA:16,0
DA:35,0
LF:16
LH:0
BRF:0
BRH:0
end_of_record
TN:
SF:src\vite-env.d.ts
FNF:0
FNH:0
LF:0
LH:0
BRF:0
BRH:0
end_of_record
TN:
SF:src\components\Auth\LoginForm.tsx
FN:4,LoginForm
FNF:1
FNH:1
FNDA:1,LoginForm
DA:2,1
DA:5,1
DA:12,1
LF:3
LH:3
BRF:0
BRH:0
end_of_record
TN:
SF:src\components\Auth\RegisterForm.tsx
FN:4,RegisterForm
FNF:1
FNH:1
FNDA:1,RegisterForm
DA:2,1
DA:5,1
DA:12,1
LF:3
LH:3
BRF:0
BRH:0
end_of_record
TN:
SF:src\components\Auth\Template.tsx
FN:28,(anonymous_8)
FN:40,(anonymous_9)
FN:42,(anonymous_10)
FN:45,(anonymous_11)
FN:62,(anonymous_12)
FN:62,(anonymous_13)
FN:68,(anonymous_14)
FN:85,(anonymous_15)
FN:92,(anonymous_16)
FNF:9
FNH:9
FNDA:37,(anonymous_8)
FNDA:18,(anonymous_9)
FNDA:18,(anonymous_10)
FNDA:18,(anonymous_11)
FNDA:6,(anonymous_12)
FNDA:6,(anonymous_13)
FNDA:18,(anonymous_14)
FNDA:1,(anonymous_15)
FNDA:2,(anonymous_16)
DA:1,1
DA:2,1
DA:3,1
DA:4,1
DA:5,1
DA:24,1
DA:25,1
DA:26,1
DA:28,1
DA:29,37
DA:31,37
DA:38,37
DA:40,37
DA:41,18
DA:42,18
DA:45,37
DA:46,18
DA:48,3
DA:50,6
DA:52,6
DA:56,3
DA:58,0
DA:62,37
DA:63,6
DA:64,6
DA:65,6
DA:66,6
DA:68,6
DA:69,18
DA:70,18
DA:71,18
DA:74,6
DA:76,6
DA:77,4
DA:78,4
DA:79,2
DA:80,2
DA:81,1
DA:85,1
DA:87,2
DA:88,2
DA:89,1
DA:92,2
DA:100,37
DA:260,1
LF:45
LH:44
BRDA:46,0,0,3
BRDA:46,0,1,6
BRDA:46,0,2,6
BRDA:46,0,3,3
BRDA:46,0,4,0
BRDA:48,1,0,2
BRDA:48,1,1,1
BRDA:50,2,0,4
BRDA:50,2,1,2
BRDA:52,3,0,4
BRDA:52,3,1,2
BRDA:56,4,0,2
BRDA:56,4,1,1
BRDA:64,5,0,3
BRDA:64,5,1,3
BRDA:71,6,0,6
BRDA:76,7,0,4
BRDA:78,8,0,2
BRDA:78,8,1,2
BRDA:94,9,0,1
BRDA:94,9,1,1
BRDA:119,10,0,16
BRDA:119,10,1,21
BRDA:120,11,0,16
BRDA:120,11,1,21
BRDA:123,12,0,37
BRDA:123,12,1,16
BRDA:129,13,0,21
BRDA:129,13,1,16
BRDA:130,14,0,21
BRDA:130,14,1,16
BRDA:133,15,0,37
BRDA:133,15,1,21
BRDA:146,16,0,37
BRDA:146,16,1,21
BRDA:160,17,0,21
BRDA:160,17,1,1
BRDA:176,18,0,37
BRDA:176,18,1,4
BRDA:204,19,0,37
BRDA:204,19,1,2
BRDA:206,20,0,37
BRDA:206,20,1,21
BRDA:220,21,0,21
BRDA:220,21,1,1
BRDA:223,22,0,37
BRDA:223,22,1,16
BRDA:234,23,0,16
BRDA:234,23,1,21
BRDA:236,24,0,37
BRDA:236,24,1,16
BRF:51
BRH:50
end_of_record
TN:
SF:src\components\BookContainer\BookContainer.tsx
FN:34,(anonymous_1)
FN:44,(anonymous_2)
FNF:2
FNH:2
FNDA:2,(anonymous_1)
FNDA:1,(anonymous_2)
DA:2,1
DA:4,1
DA:5,1
DA:8,1
DA:34,1
DA:35,2
DA:44,1
DA:60,1
LF:8
LH:8
BRF:0
BRH:0
end_of_record
TN:
SF:src\components\BookContainer\Books.tsx
FN:18,Books
FNF:1
FNH:1
FNDA:5,Books
DA:2,1
DA:19,5
DA:49,1
LF:3
LH:3
BRDA:25,0,0,0
BRDA:25,0,1,5
BRDA:25,1,0,5
BRDA:25,1,1,5
BRDA:26,2,0,0
BRDA:26,2,1,5
BRDA:26,3,0,5
BRDA:26,3,1,5
BRDA:30,4,0,0
BRDA:30,4,1,5
BRDA:30,5,0,5
BRDA:30,5,1,5
BRDA:31,6,0,0
BRDA:31,6,1,5
BRDA:31,7,0,5
BRDA:31,7,1,5
BRDA:34,8,0,0
BRDA:34,8,1,5
BRDA:34,9,0,5
BRDA:34,9,1,5
BRDA:38,10,0,0
BRDA:38,10,1,5
BRDA:38,11,0,5
BRDA:38,11,1,5
BRDA:41,12,0,0
BRDA:41,12,1,5
BRDA:41,13,0,5
BRDA:41,13,1,5
BRDA:42,14,0,0
BRDA:42,14,1,5
BRDA:42,15,0,5
BRDA:42,15,1,5
BRF:32
BRH:24
end_of_record
TN:
SF:src\components\BookContainer\Shimmer.tsx
FN:3,(anonymous_0)
FNF:1
FNH:1
FNDA:4,(anonymous_0)
DA:3,1
DA:4,4
DA:61,1
LF:3
LH:3
BRF:0
BRH:0
end_of_record
TN:
SF:src\components\BookDetails\FeedbackForm.tsx
FN:17,FeedbackForm
FN:24,(anonymous_8)
FN:26,(anonymous_9)
FN:29,(anonymous_10)
FN:33,(anonymous_11)
FN:33,(anonymous_12)
FN:71,(anonymous_13)
FN:74,(anonymous_14)
FN:75,(anonymous_15)
FN:76,(anonymous_16)
FN:94,(anonymous_17)
FNF:11
FNH:8
FNDA:20,FeedbackForm
FNDA:10,(anonymous_8)
FNDA:0,(anonymous_9)
FNDA:2,(anonymous_10)
FNDA:4,(anonymous_11)
FNDA:4,(anonymous_12)
FNDA:100,(anonymous_13)
FNDA:0,(anonymous_14)
FNDA:0,(anonymous_15)
FNDA:4,(anonymous_16)
FNDA:3,(anonymous_17)
DA:1,1
DA:2,1
DA:3,1
DA:18,20
DA:19,20
DA:20,20
DA:21,20
DA:22,20
DA:24,20
DA:25,10
DA:26,2
DA:27,0
DA:29,2
DA:33,20
DA:34,4
DA:35,1
DA:36,1
DA:39,3
DA:40,3
DA:42,3
DA:43,3
DA:44,2
DA:53,2
DA:55,2
DA:56,2
DA:57,2
DA:59,1
DA:61,3
DA:65,20
DA:72,100
DA:74,0
DA:75,0
DA:76,4
DA:94,3
DA:118,1
LF:35
LH:32
BRDA:25,0,0,2
BRDA:25,1,0,6
BRDA:25,1,1,4
BRDA:25,2,0,10
BRDA:25,2,1,4
BRDA:34,3,0,1
BRDA:34,4,0,4
BRDA:34,4,1,3
BRDA:45,5,0,2
BRDA:45,5,1,0
BRDA:78,6,0,54
BRDA:78,6,1,46
BRDA:78,7,0,100
BRDA:78,7,1,100
BRDA:81,8,0,54
BRDA:81,8,1,46
BRDA:81,9,0,100
BRDA:81,9,1,100
BRDA:101,10,0,3
BRDA:101,10,1,17
BRDA:105,11,0,3
BRDA:105,11,1,17
BRDA:108,12,0,20
BRDA:108,12,1,4
BRDA:109,13,0,2
BRDA:109,13,1,2
BRF:26
BRH:25
end_of_record
TN:
SF:src\components\Cart\CartData.tsx
FN:37,(anonymous_8)
FN:45,(anonymous_9)
FN:46,(anonymous_10)
FN:46,(anonymous_11)
FN:52,(anonymous_12)
FN:77,(anonymous_13)
FN:78,(anonymous_14)
FN:80,(anonymous_15)
FN:81,(anonymous_16)
FN:82,(anonymous_17)
FN:90,(anonymous_18)
FN:90,(anonymous_19)
FN:94,(anonymous_20)
FN:94,(anonymous_21)
FN:107,(anonymous_22)
FN:107,(anonymous_23)
FN:109,(anonymous_24)
FN:121,(anonymous_25)
FN:121,(anonymous_26)
FN:130,(anonymous_27)
FN:131,(anonymous_28)
FN:157,(anonymous_29)
FN:175,(anonymous_30)
FN:186,(anonymous_31)
FN:192,(anonymous_32)
FNF:25
FNH:20
FNDA:24,(anonymous_8)
FNDA:10,(anonymous_9)
FNDA:10,(anonymous_10)
FNDA:10,(anonymous_11)
FNDA:5,(anonymous_12)
FNDA:1,(anonymous_13)
FNDA:2,(anonymous_14)
FNDA:0,(anonymous_15)
FNDA:0,(anonymous_16)
FNDA:0,(anonymous_17)
FNDA:1,(anonymous_18)
FNDA:1,(anonymous_19)
FNDA:1,(anonymous_20)
FNDA:1,(anonymous_21)
FNDA:1,(anonymous_22)
FNDA:1,(anonymous_23)
FNDA:1,(anonymous_24)
FNDA:1,(anonymous_25)
FNDA:1,(anonymous_26)
FNDA:7,(anonymous_27)
FNDA:7,(anonymous_28)
FNDA:7,(anonymous_29)
FNDA:0,(anonymous_30)
FNDA:0,(anonymous_31)
FNDA:1,(anonymous_32)
DA:1,1
DA:2,1
DA:3,1
DA:4,1
DA:5,1
DA:37,1
DA:38,24
DA:39,24
DA:40,24
DA:41,24
DA:42,24
DA:43,24
DA:45,24
DA:46,10
DA:47,10
DA:48,10
DA:49,10
DA:50,10
DA:51,7
DA:52,7
DA:61,7
DA:64,2
DA:65,2
DA:66,2
DA:67,1
DA:70,9
DA:74,10
DA:77,24
DA:78,24
DA:80,24
DA:81,0
DA:82,0
DA:83,0
DA:90,24
DA:91,1
DA:92,1
DA:93,1
DA:94,1
DA:96,0
DA:99,0
DA:100,0
DA:101,0
DA:102,0
DA:107,24
DA:108,1
DA:109,1
DA:110,1
DA:111,1
DA:113,0
DA:114,0
DA:115,0
DA:116,0
DA:121,24
DA:122,1
DA:123,1
DA:124,1
DA:126,0
DA:130,24
DA:131,24
DA:133,24
DA:158,7
DA:175,0
DA:186,0
DA:192,1
DA:321,1
LF:65
LH:50
BRDA:51,0,0,7
BRDA:58,1,0,4
BRDA:58,1,1,1
BRDA:58,2,0,5
BRDA:58,2,1,5
BRDA:64,3,0,2
BRDA:64,3,1,1
BRDA:64,3,2,0
BRDA:64,4,0,1
BRDA:64,4,1,1
BRDA:64,5,0,2
BRDA:64,5,1,2
BRDA:64,6,0,1
BRDA:64,6,1,1
BRDA:64,7,0,2
BRDA:64,7,1,2
BRDA:66,8,0,1
BRDA:83,9,0,0
BRDA:83,9,1,0
BRDA:83,10,0,0
BRDA:83,10,1,0
BRDA:93,11,0,1
BRDA:93,11,1,0
BRDA:96,12,0,0
BRDA:96,12,1,0
BRDA:96,13,0,0
BRDA:96,13,1,0
BRDA:99,14,0,0
BRDA:99,14,1,0
BRDA:99,14,2,0
BRDA:99,15,0,0
BRDA:99,15,1,0
BRDA:99,16,0,0
BRDA:99,16,1,0
BRDA:99,17,0,0
BRDA:99,17,1,0
BRDA:99,18,0,0
BRDA:99,18,1,0
BRDA:101,19,0,0
BRDA:113,20,0,0
BRDA:113,20,1,0
BRDA:113,20,2,0
BRDA:113,21,0,0
BRDA:113,21,1,0
BRDA:113,22,0,0
BRDA:113,22,1,0
BRDA:113,23,0,0
BRDA:113,23,1,0
BRDA:113,24,0,0
BRDA:113,24,1,0
BRDA:115,25,0,0
BRDA:136,26,0,10
BRDA:136,26,1,14
BRDA:138,27,0,2
BRDA:138,27,1,12
BRDA:153,28,0,5
BRDA:153,28,1,7
BRDA:177,29,0,4
BRDA:177,29,1,3
BRDA:212,30,0,12
BRDA:212,30,1,1
BRDA:275,31,0,12
BRDA:275,31,1,7
BRDA:283,32,0,7
BRDA:283,32,1,2
BRDA:286,33,0,0
BRDA:286,33,1,2
BRF:67
BRH:32
end_of_record
TN:
SF:src\components\Same\Breadcrumbs.tsx
FN:9,(anonymous_0)
FN:14,(anonymous_1)
FNF:2
FNH:2
FNDA:9,(anonymous_0)
FNDA:9,(anonymous_1)
DA:2,1
DA:3,1
DA:9,1
DA:10,9
DA:11,9
DA:14,9
DA:15,9
DA:16,2
DA:22,7
DA:23,1
DA:29,6
DA:30,1
DA:36,5
DA:37,1
DA:43,4
DA:44,1
DA:50,3
DA:53,9
DA:69,1
LF:19
LH:19
BRDA:11,0,0,1
BRDA:11,0,1,8
BRDA:11,1,0,9
BRDA:11,1,1,9
BRDA:15,2,0,2
BRDA:22,3,0,1
BRDA:29,4,0,1
BRDA:36,5,0,1
BRDA:43,6,0,1
BRF:9
BRH:9
end_of_record
TN:
SF:src\components\Same\Dropdown.tsx
FN:14,Dropdown
FN:18,(anonymous_1)
FN:30,(anonymous_2)
FN:41,(anonymous_3)
FNF:4
FNH:4
FNDA:12,Dropdown
FNDA:8,(anonymous_1)
FNDA:1,(anonymous_2)
FNDA:1,(anonymous_3)
DA:1,1
DA:2,1
DA:3,1
DA:4,1
DA:5,1
DA:6,1
DA:7,1
DA:8,1
DA:15,12
DA:16,12
DA:18,12
DA:19,8
DA:20,4
DA:22,4
DA:23,4
DA:24,1
DA:25,1
DA:30,12
DA:31,1
DA:32,1
DA:33,1
DA:41,1
DA:45,12
DA:85,12
DA:116,12
DA:118,12
DA:145,1
LF:27
LH:27
BRDA:15,0,0,7
BRDA:15,0,1,5
BRDA:15,1,0,12
BRDA:15,1,1,12
BRDA:19,2,0,4
BRDA:19,2,1,4
BRDA:23,3,0,1
BRDA:48,4,0,12
BRDA:48,4,1,7
BRDA:116,5,0,5
BRDA:116,5,1,7
BRDA:137,6,0,12
BRDA:137,6,1,7
BRF:13
BRH:13
end_of_record
TN:
SF:src\components\Same\Footer.tsx
FN:3,(anonymous_0)
FNF:1
FNH:1
FNDA:5,(anonymous_0)
DA:3,1
DA:4,5
DA:14,1
LF:3
LH:3
BRF:0
BRH:0
end_of_record
TN:
SF:src\components\Same\GuestView.tsx
FN:5,GuestView
FNF:1
FNH:1
FNDA:7,GuestView
DA:2,1
DA:3,1
DA:4,1
DA:6,7
DA:27,1
LF:5
LH:5
BRF:0
BRH:0
end_of_record
TN:
SF:src\components\Same\Header.tsx
FN:18,(anonymous_8)
FN:22,(anonymous_9)
FN:30,(anonymous_10)
FN:31,(anonymous_11)
FN:31,(anonymous_12)
FN:35,(anonymous_13)
FN:39,(anonymous_14)
FNF:7
FNH:7
FNDA:13,(anonymous_8)
FNDA:10,(anonymous_9)
FNDA:10,(anonymous_10)
FNDA:10,(anonymous_11)
FNDA:10,(anonymous_12)
FNDA:2,(anonymous_13)
FNDA:2,(anonymous_14)
DA:1,1
DA:2,1
DA:3,1
DA:4,1
DA:5,1
DA:6,1
DA:7,1
DA:8,1
DA:18,1
DA:19,13
DA:20,13
DA:22,13
DA:23,10
DA:24,10
DA:25,1
DA:26,1
DA:30,13
DA:31,10
DA:32,10
DA:33,10
DA:34,9
DA:35,2
DA:38,2
DA:39,2
DA:42,2
DA:45,8
DA:49,10
DA:52,13
DA:102,1
LF:29
LH:29
BRDA:24,0,0,1
BRDA:34,1,0,2
BRDA:60,2,0,13
BRDA:60,2,1,11
BRDA:73,3,0,13
BRDA:73,3,1,11
BRDA:86,4,0,11
BRDA:86,4,1,1
BRF:8
BRH:8
end_of_record
TN:
SF:src\components\Same\OrderConatiner.tsx
FN:8,OrderConatiner
FNF:1
FNH:1
FNDA:9,OrderConatiner
DA:1,1
DA:9,9
DA:43,1
LF:3
LH:3
BRDA:12,0,0,6
BRDA:12,0,1,3
BRDA:16,1,0,0
BRDA:16,1,1,9
BRDA:16,2,0,9
BRDA:16,2,1,9
BRDA:19,3,0,0
BRDA:19,3,1,9
BRDA:19,4,0,9
BRDA:19,4,1,9
BRDA:20,5,0,0
BRDA:20,5,1,9
BRDA:20,6,0,9
BRDA:20,6,1,9
BRDA:22,7,0,0
BRDA:22,7,1,9
BRDA:22,8,0,9
BRDA:22,8,1,9
BRDA:28,9,0,9
BRDA:28,9,1,3
BRF:20
BRH:16
end_of_record
TN:
SF:src\components\Same\WishListContainer.tsx
FN:11,WishListContainer
FN:12,(anonymous_2)
FNF:2
FNH:2
FNDA:6,WishListContainer
FNDA:1,(anonymous_2)
DA:1,1
DA:3,1
DA:12,6
DA:13,1
DA:16,6
DA:52,1
LF:6
LH:6
BRDA:19,0,0,4
BRDA:19,0,1,2
BRDA:38,1,0,6
BRDA:38,1,1,4
BRF:4
BRH:4
end_of_record
TN:
SF:src\pages\BookPage.tsx
FN:6,(anonymous_1)
FNF:1
FNH:1
FNDA:2,(anonymous_1)
DA:2,1
DA:3,1
DA:4,1
DA:6,1
DA:7,2
DA:18,1
LF:6
LH:6
BRF:0
BRH:0
end_of_record
TN:
SF:src\pages\Cart.tsx
FN:5,(anonymous_1)
FNF:1
FNH:1
FNDA:1,(anonymous_1)
DA:1,1
DA:2,1
DA:3,1
DA:4,1
DA:5,1
DA:6,1
DA:20,1
LF:7
LH:7
BRF:0
BRH:0
end_of_record
TN:
SF:src\pages\ForgetPassword.tsx
FN:5,(anonymous_1)
FNF:1
FNH:1
FNDA:2,(anonymous_1)
DA:2,1
DA:3,1
DA:5,1
DA:6,2
DA:31,1
LF:5
LH:5
BRF:0
BRH:0
end_of_record
TN:
SF:src\pages\Home.tsx
FN:6,(anonymous_1)
FNF:1
FNH:1
FNDA:1,(anonymous_1)
DA:2,1
DA:3,1
DA:4,1
DA:6,1
DA:7,1
DA:16,1
LF:6
LH:6
BRF:0
BRH:0
end_of_record
TN:
SF:src\pages\Login.tsx
FN:4,Login
FNF:1
FNH:1
FNDA:1,Login
DA:2,1
DA:5,1
DA:12,1
LF:3
LH:3
BRF:0
BRH:0
end_of_record
TN:
SF:src\pages\MyOrder.tsx
FN:26,MyOrder
FN:33,(anonymous_2)
FNF:2
FNH:2
FNDA:2,MyOrder
FNDA:4,(anonymous_2)
DA:2,1
DA:3,1
DA:4,1
DA:5,1
DA:6,1
DA:7,1
DA:8,1
DA:9,1
DA:27,2
DA:34,4
DA:48,1
LF:11
LH:11
BRF:0
BRH:0
end_of_record
TN:
SF:src\pages\OrderConfirm.tsx
FN:12,(anonymous_1)
FNF:1
FNH:1
FNDA:5,(anonymous_1)
DA:2,1
DA:3,1
DA:4,1
DA:6,1
DA:12,1
DA:13,5
DA:49,1
LF:7
LH:7
BRF:0
BRH:0
end_of_record
TN:
SF:src\pages\Register.tsx
FN:4,Register
FNF:1
FNH:1
FNDA:2,Register
DA:2,1
DA:5,2
DA:12,1
LF:3
LH:3
BRF:0
BRH:0
end_of_record
TN:
SF:src\pages\UserProfile.tsx
FN:6,(anonymous_1)
FN:113,(anonymous_2)
FNF:2
FNH:0
FNDA:0,(anonymous_1)
FNDA:0,(anonymous_2)
DA:2,0
DA:3,0
DA:4,0
DA:6,0
DA:7,0
DA:114,0
DA:133,0
LF:7
LH:0
BRF:0
BRH:0
end_of_record
TN:
SF:src\redux\bookSlice.ts
FN:22,(anonymous_7)
FN:22,(anonymous_8)
FN:37,(anonymous_9)
FN:39,(anonymous_10)
FN:42,(anonymous_11)
FN:46,(anonymous_12)
FNF:6
FNH:0
FNDA:0,(anonymous_7)
FNDA:0,(anonymous_8)
FNDA:0,(anonymous_9)
FNDA:0,(anonymous_10)
FNDA:0,(anonymous_11)
FNDA:0,(anonymous_12)
DA:1,0
DA:2,0
DA:22,0
DA:23,0
DA:24,0
DA:27,0
DA:33,0
DA:38,0
DA:40,0
DA:43,0
DA:44,0
DA:47,0
DA:48,0
DA:53,0
LF:14
LH:0
BRDA:48,0,0,0
BRDA:48,0,1,0
BRDA:48,1,0,0
BRDA:48,1,1,0
BRF:4
BRH:0
end_of_record
TN:
SF:src\redux\store.ts
FNF:0
FNH:0
DA:1,0
DA:2,0
DA:4,0
LF:3
LH:0
BRF:0
BRH:0
end_of_record
